     1                                  ; hello.asm
     2                                  SECTION .data
     3 00000000 D091D0B5D0BBD0BED1-     hello: DB 'Белослюдов Иван',10
     3 00000009 81D0BBD18ED0B4D0BE-
     3 00000012 D0B220D098D0B2D0B0-
     3 0000001B D0BD0A             
     4                                  
     5                                  helloLen: EQU $-hello
     6                                  
     7                                  SECTION .text
     8                                  GLOBAL _start
     9                                  
    10                                  _start:
    11 00000000 B804000000              mov eax,4
    12 00000005 BB01000000              mov ebx,1
    13 0000000A B9[00000000]            mov ecx,hello
    14 0000000F BA1E000000              mov edx,helloLen
    15 00000014 CD80                    int 80h
    16 00000016 B801000000              mov eax,1
    17 0000001B BB00000000              mov ebx,0
    18 00000020 CD80                    int 80h
